\BOOKMARK [0][-]{chapter.1}{Introduction}{}% 1
\BOOKMARK [1][-]{section.1.1}{Background}{chapter.1}% 2
\BOOKMARK [1][-]{section.1.2}{Motivations for Swing Feedback}{chapter.1}% 3
\BOOKMARK [0][-]{chapter.2}{Design Process}{}% 4
\BOOKMARK [1][-]{section.2.1}{Enclosure}{chapter.2}% 5
\BOOKMARK [1][-]{section.2.2}{Reinforcements}{chapter.2}% 6
\BOOKMARK [1][-]{section.2.3}{Motor Assembly}{chapter.2}% 7
\BOOKMARK [0][-]{chapter.3}{Hardware}{}% 8
\BOOKMARK [1][-]{section.3.1}{System Overview}{chapter.3}% 9
\BOOKMARK [2][-]{subsection.3.1.1}{ATmega328p Microcontrolller}{section.3.1}% 10
\BOOKMARK [2][-]{subsection.3.1.2}{Cypress FRAM Module}{section.3.1}% 11
\BOOKMARK [2][-]{subsection.3.1.3}{IMU}{section.3.1}% 12
\BOOKMARK [2][-]{subsection.3.1.4}{Motor Shield and Vibration Motors}{section.3.1}% 13
\BOOKMARK [1][-]{section.3.2}{User Input/Output}{chapter.3}% 14
\BOOKMARK [1][-]{section.3.3}{Considerations}{chapter.3}% 15
\BOOKMARK [0][-]{chapter.4}{System Integration}{}% 16
\BOOKMARK [1][-]{section.4.1}{Power}{chapter.4}% 17
\BOOKMARK [1][-]{section.4.2}{IMU Measurements}{chapter.4}% 18
\BOOKMARK [1][-]{section.4.3}{FRAM Storage/Retrieval}{chapter.4}% 19
\BOOKMARK [1][-]{section.4.4}{Motor Board}{chapter.4}% 20
\BOOKMARK [1][-]{section.4.5}{Microcontroller}{chapter.4}% 21
\BOOKMARK [0][-]{chapter.5}{Software}{}% 22
\BOOKMARK [1][-]{section.5.1}{State Machine Description}{chapter.5}% 23
\BOOKMARK [1][-]{section.5.2}{Measurement Filtering}{chapter.5}% 24
\BOOKMARK [1][-]{section.5.3}{Feedback Implementation}{chapter.5}% 25
\BOOKMARK [0][-]{chapter.6}{Performance and Future Work}{}% 26
\BOOKMARK [1][-]{section.6.1}{Speed and Accuracy}{chapter.6}% 27
\BOOKMARK [1][-]{section.6.2}{Improvements}{chapter.6}% 28
\BOOKMARK [1][-]{section.6.3}{Future Work}{chapter.6}% 29
\BOOKMARK [0][-]{appendix.A}{Figures}{}% 30
